2024-12-04 10:40:15,818 - INFO - i: 0, c: L 
2024-12-04 10:40:15,818 - INFO - i: 1, c: e 
2024-12-04 10:40:15,818 - INFO - i: 2, c: e 
2024-12-04 10:40:15,818 - INFO - i: 3, c: t 
2024-12-04 10:40:15,818 - INFO - i: 4, c: c 
2024-12-04 10:40:15,818 - INFO - i: 5, c: o 
2024-12-04 10:40:15,818 - INFO - i: 6, c: d 
2024-12-04 10:40:15,818 - INFO - i: 7, c: e 
2024-12-04 10:40:15,818 - INFO - i: 8, c: H 
2024-12-04 10:40:15,818 - INFO - i: 9, c: e 
2024-12-04 10:40:15,818 - INFO - i: 10, c: l 
2024-12-04 10:40:15,818 - INFO - i: 11, c: p 
2024-12-04 10:40:15,818 - INFO - i: 12, c: s 
2024-12-04 10:40:15,818 - INFO - i: 13, c: M 
2024-12-04 10:40:15,818 - INFO - i: 14, c: e 
2024-12-04 10:40:15,818 - INFO - i: 15, c: L 
2024-12-04 10:40:15,818 - INFO - i: 16, c: e 
2024-12-04 10:40:15,818 - INFO - i: 17, c: a 
2024-12-04 10:40:15,818 - INFO - i: 18, c: r 
2024-12-04 10:40:15,818 - INFO - i: 19, c: n 
